2013-02-20 00:23:05 Notice: Notice (1024): Please change the value of 'Security.salt' in app/config/core.php to a salt value specific to your application in [/home2/th141281/public_html/cakephp/cake/libs/debugger.php, line 697]
2013-02-20 00:23:05 Notice: Notice (1024): Please change the value of 'Security.cipherSeed' in app/config/core.php to a numeric (digits only) seed value specific to your application in [/home2/th141281/public_html/cakephp/cake/libs/debugger.php, line 701]
2013-02-20 08:09:55 Notice: Notice (1024): Please change the value of 'Security.salt' in app/config/core.php to a salt value specific to your application in [/home2/th141281/public_html/recadastramento/cake/libs/debugger.php, line 697]
2013-02-20 08:09:55 Notice: Notice (1024): Please change the value of 'Security.cipherSeed' in app/config/core.php to a numeric (digits only) seed value specific to your application in [/home2/th141281/public_html/recadastramento/cake/libs/debugger.php, line 701]
2013-02-20 08:17:18 Notice: Notice (8): Undefined property: AppModel::$Estado in [/home2/th141281/public_html/recadastramento/app/controllers/servidores_controller.php, line 69]
2013-02-20 08:19:30 Notice: Notice (8): Undefined index: Servidor in [/home2/th141281/public_html/recadastramento/app/app_controller.php, line 58]
2013-02-20 08:19:46 Notice: Notice (8): Undefined index: Servidor in [/home2/th141281/public_html/recadastramento/app/app_controller.php, line 58]
2013-02-20 08:22:47 Notice: Notice (8): Undefined index: Servidor in [/home2/th141281/public_html/recadastramento/app/app_controller.php, line 58]
2013-02-20 08:22:55 Notice: Notice (8): Undefined index: Servidor in [/home2/th141281/public_html/recadastramento/app/app_controller.php, line 58]
2013-02-20 08:23:08 Notice: Notice (8): Undefined index: Servidor in [/home2/th141281/public_html/recadastramento/app/app_controller.php, line 58]
2013-02-20 08:25:01 Notice: Notice (8): Undefined index: Servidor in [/home2/th141281/public_html/recadastramento/app/app_controller.php, line 58]
2013-02-20 08:25:37 Notice: Notice (8): Undefined index: Servidor in [/home2/th141281/public_html/recadastramento/app/app_controller.php, line 57]
2013-02-20 08:32:31 Notice: Notice (8): Undefined property: AppModel::$Estado in [/home2/th141281/public_html/recadastramento/app/controllers/servidores_controller.php, line 69]
2013-02-25 12:12:03 Debug: Notice (8): unserialize(): Error at offset 2740 of 57530 bytes in [C:\xampp\htdocs\cake\cake\libs\cache\file.php, line 190]
2013-02-25 10:15:55 Notice: Notice (8): unserialize() [<a href='function.unserialize'>function.unserialize</a>]: Error at offset 82 of 7707 bytes in [/home2/th141281/public_html/recadastramento/cake/libs/cache/file.php, line 190]
2013-02-25 10:15:55 Notice: Notice (8): unserialize() [<a href='function.unserialize'>function.unserialize</a>]: Error at offset 2711 of 57473 bytes in [/home2/th141281/public_html/recadastramento/cake/libs/cache/file.php, line 190]
2013-02-25 12:06:36 Notice: Notice (8): Undefined variable: servidor in [/home2/th141281/public_html/recadastramento/app/controllers/servidores_controller.php, line 22]
2013-04-09 06:41:25 Notice: Notice (8): getimagesize() [<a href='function.getimagesize'>function.getimagesize</a>]: Read error! in [/home2/th141281/public_html/recadastramento/app/controllers/components/jq_imgcrop.php, line 55]
2013-04-09 06:41:25 Notice: Notice (8): getimagesize() [<a href='function.getimagesize'>function.getimagesize</a>]: Read error! in [/home2/th141281/public_html/recadastramento/app/controllers/components/jq_imgcrop.php, line 49]
2013-04-09 06:41:25 Notice: Notice (8): getimagesize() [<a href='function.getimagesize'>function.getimagesize</a>]: Read error! in [/home2/th141281/public_html/recadastramento/app/controllers/components/jq_imgcrop.php, line 55]
2013-04-09 06:41:25 Notice: Notice (8): getimagesize() [<a href='function.getimagesize'>function.getimagesize</a>]: Read error! in [/home2/th141281/public_html/recadastramento/app/controllers/components/jq_imgcrop.php, line 49]
2013-04-30 00:30:16 Notice: Notice (8): getimagesize() [<a href='function.getimagesize'>function.getimagesize</a>]: Read error! in [/home2/th141281/public_html/recadastramento/app/controllers/components/jq_imgcrop.php, line 55]
2013-04-30 00:30:16 Notice: Notice (8): getimagesize() [<a href='function.getimagesize'>function.getimagesize</a>]: Read error! in [/home2/th141281/public_html/recadastramento/app/controllers/components/jq_imgcrop.php, line 49]
2013-04-30 00:30:16 Notice: Notice (8): getimagesize() [<a href='function.getimagesize'>function.getimagesize</a>]: Read error! in [/home2/th141281/public_html/recadastramento/app/controllers/components/jq_imgcrop.php, line 55]
2013-04-30 00:30:16 Notice: Notice (8): getimagesize() [<a href='function.getimagesize'>function.getimagesize</a>]: Read error! in [/home2/th141281/public_html/recadastramento/app/controllers/components/jq_imgcrop.php, line 49]
